{
  "stats": {
    "suites": 9,
    "tests": 18,
    "passes": 18,
    "pending": 0,
    "failures": 0,
    "start": "2026-07-24T20:32:57.533Z",
    "end": "2026-07-24T20:33:00.170Z",
    "duration": 2637,
    "testsRegistered": 18,
    "passPercent": 100,
    "pendingPercent": 0,
    "other": 0,
    "hasOther": false,
    "skipped": 0,
    "hasSkipped": false
  },
  "results": [
    {
      "uuid": "80e76147-aca8-479b-a692-9d8805941be0",
      "title": "",
      "fullFile": "cypress\\e2e\\api\\posts.cy.js",
      "file": "cypress\\e2e\\api\\posts.cy.js",
      "beforeHooks": [],
      "afterHooks": [],
      "tests": [],
      "suites": [
        {
          "uuid": "9fec402f-ed20-460a-aff3-94bed3e7d02a",
          "title": "JSONPlaceholder API - Posts Endpoints",
          "fullFile": "",
          "file": "",
          "beforeHooks": [],
          "afterHooks": [],
          "tests": [],
          "suites": [
            {
              "uuid": "65f49465-4b62-4218-bf9e-745eee5b8669",
              "title": "GET /posts - Listar todos os posts",
              "fullFile": "",
              "file": "",
              "beforeHooks": [],
              "afterHooks": [],
              "tests": [
                {
                  "title": "Deve retornar todos os posts com status 200",
                  "fullTitle": "JSONPlaceholder API - Posts Endpoints GET /posts - Listar todos os posts Deve retornar todos os posts com status 200",
                  "timedOut": null,
                  "duration": 194,
                  "state": "passed",
                  "speed": "fast",
                  "pass": true,
                  "fail": false,
                  "pending": false,
                  "context": null,
                  "code": "cy.request('GET', `${Cypress.env('apiUrl')}${API_ENDPOINTS.posts}`).then(response => {\n  const {\n    status,\n    duration,\n    body\n  } = response;\n  cy.validateStatusCode(response, HTTP_STATUS.OK);\n  cy.validateResponseTime(response, RESPONSE_TIME_LIMIT);\n  expect(body).to.be.an('array');\n  expect(body.length).to.be.greaterThan(0);\n});",
                  "err": {},
                  "uuid": "6fe670d4-9b22-4016-95ac-eb6bdcbf8e8e",
                  "parentUUID": "65f49465-4b62-4218-bf9e-745eee5b8669",
                  "isHook": false,
                  "skipped": false
                },
                {
                  "title": "Deve validar o schema de cada post na listagem",
                  "fullTitle": "JSONPlaceholder API - Posts Endpoints GET /posts - Listar todos os posts Deve validar o schema de cada post na listagem",
                  "timedOut": null,
                  "duration": 100,
                  "state": "passed",
                  "speed": "fast",
                  "pass": true,
                  "fail": false,
                  "pending": false,
                  "context": null,
                  "code": "cy.request('GET', `${Cypress.env('apiUrl')}${API_ENDPOINTS.posts}`).then(response => {\n  const {\n    body\n  } = response;\n  expect(validateArraySchema(body, fixtureData.postSchema)).to.be.true;\n});",
                  "err": {},
                  "uuid": "0230a0f1-98ea-430f-9ef7-f303d3ab13ae",
                  "parentUUID": "65f49465-4b62-4218-bf9e-745eee5b8669",
                  "isHook": false,
                  "skipped": false
                }
              ],
              "suites": [],
              "passes": [
                "6fe670d4-9b22-4016-95ac-eb6bdcbf8e8e",
                "0230a0f1-98ea-430f-9ef7-f303d3ab13ae"
              ],
              "failures": [],
              "pending": [],
              "skipped": [],
              "duration": 294,
              "root": false,
              "rootEmpty": false,
              "_timeout": 2000
            },
            {
              "uuid": "b7649701-8d12-41ce-b876-d7961c069621",
              "title": "GET /posts/:id - Recuperar post específico",
              "fullFile": "",
              "file": "",
              "beforeHooks": [],
              "afterHooks": [],
              "tests": [
                {
                  "title": "Deve retornar um post específico com status 200",
                  "fullTitle": "JSONPlaceholder API - Posts Endpoints GET /posts/:id - Recuperar post específico Deve retornar um post específico com status 200",
                  "timedOut": null,
                  "duration": 77,
                  "state": "passed",
                  "speed": "fast",
                  "pass": true,
                  "fail": false,
                  "pending": false,
                  "context": null,
                  "code": "cy.request('GET', `${Cypress.env('apiUrl')}${API_ENDPOINTS.postById(1)}`).then(response => {\n  const {\n    id,\n    title,\n    body,\n    userId\n  } = response.body;\n  cy.validateStatusCode(response, HTTP_STATUS.OK);\n  cy.validateResponseTime(response, RESPONSE_TIME_LIMIT);\n  expect(id).to.equal(1);\n  expect(title).to.exist;\n  expect(body).to.exist;\n  expect(userId).to.exist;\n});",
                  "err": {},
                  "uuid": "4e799a18-1d82-45f7-a6f4-5552fa6dad5c",
                  "parentUUID": "b7649701-8d12-41ce-b876-d7961c069621",
                  "isHook": false,
                  "skipped": false
                },
                {
                  "title": "Deve validar o schema do post recuperado",
                  "fullTitle": "JSONPlaceholder API - Posts Endpoints GET /posts/:id - Recuperar post específico Deve validar o schema do post recuperado",
                  "timedOut": null,
                  "duration": 64,
                  "state": "passed",
                  "speed": "fast",
                  "pass": true,
                  "fail": false,
                  "pending": false,
                  "context": null,
                  "code": "cy.request('GET', `${Cypress.env('apiUrl')}${API_ENDPOINTS.postById(1)}`).then(response => {\n  expect(validateSchema(response.body, fixtureData.postSchema)).to.be.true;\n});",
                  "err": {},
                  "uuid": "e2452b18-a15e-49d6-945a-2c7e3d50e208",
                  "parentUUID": "b7649701-8d12-41ce-b876-d7961c069621",
                  "isHook": false,
                  "skipped": false
                },
                {
                  "title": "Deve retornar 404 ao buscar post inexistente",
                  "fullTitle": "JSONPlaceholder API - Posts Endpoints GET /posts/:id - Recuperar post específico Deve retornar 404 ao buscar post inexistente",
                  "timedOut": null,
                  "duration": 45,
                  "state": "passed",
                  "speed": "fast",
                  "pass": true,
                  "fail": false,
                  "pending": false,
                  "context": null,
                  "code": "cy.request({\n  method: 'GET',\n  url: `${Cypress.env('apiUrl')}${API_ENDPOINTS.postById(99999)}`,\n  failOnStatusCode: false\n}).then(response => {\n  expect(response.status).to.equal(HTTP_STATUS.NOT_FOUND);\n});",
                  "err": {},
                  "uuid": "e3e9407c-051e-42af-b704-bc7cd5e99953",
                  "parentUUID": "b7649701-8d12-41ce-b876-d7961c069621",
                  "isHook": false,
                  "skipped": false
                }
              ],
              "suites": [],
              "passes": [
                "4e799a18-1d82-45f7-a6f4-5552fa6dad5c",
                "e2452b18-a15e-49d6-945a-2c7e3d50e208",
                "e3e9407c-051e-42af-b704-bc7cd5e99953"
              ],
              "failures": [],
              "pending": [],
              "skipped": [],
              "duration": 186,
              "root": false,
              "rootEmpty": false,
              "_timeout": 2000
            },
            {
              "uuid": "664d8623-c840-4311-866d-d40ad20aa5bc",
              "title": "GET /posts/:id/comments - Recuperar comentários do post",
              "fullFile": "",
              "file": "",
              "beforeHooks": [],
              "afterHooks": [],
              "tests": [
                {
                  "title": "Deve retornar os comentários de um post com status 200",
                  "fullTitle": "JSONPlaceholder API - Posts Endpoints GET /posts/:id/comments - Recuperar comentários do post Deve retornar os comentários de um post com status 200",
                  "timedOut": null,
                  "duration": 45,
                  "state": "passed",
                  "speed": "fast",
                  "pass": true,
                  "fail": false,
                  "pending": false,
                  "context": null,
                  "code": "cy.request('GET', `${Cypress.env('apiUrl')}${API_ENDPOINTS.postComments(1)}`).then(response => {\n  const {\n    status,\n    body\n  } = response;\n  cy.validateStatusCode(response, HTTP_STATUS.OK);\n  cy.validateResponseTime(response, RESPONSE_TIME_LIMIT);\n  expect(body).to.be.an('array');\n  expect(body.length).to.be.greaterThan(0);\n});",
                  "err": {},
                  "uuid": "7dc9a876-1433-4a1b-873b-89c1a0d2345b",
                  "parentUUID": "664d8623-c840-4311-866d-d40ad20aa5bc",
                  "isHook": false,
                  "skipped": false
                },
                {
                  "title": "Deve validar o schema de cada comentário",
                  "fullTitle": "JSONPlaceholder API - Posts Endpoints GET /posts/:id/comments - Recuperar comentários do post Deve validar o schema de cada comentário",
                  "timedOut": null,
                  "duration": 66,
                  "state": "passed",
                  "speed": "fast",
                  "pass": true,
                  "fail": false,
                  "pending": false,
                  "context": null,
                  "code": "cy.request('GET', `${Cypress.env('apiUrl')}${API_ENDPOINTS.postComments(1)}`).then(response => {\n  const {\n    body\n  } = response;\n  expect(validateArraySchema(body, fixtureData.commentSchema)).to.be.true;\n});",
                  "err": {},
                  "uuid": "d2a5c8e2-92a1-40fb-9e63-e778a00c3bdf",
                  "parentUUID": "664d8623-c840-4311-866d-d40ad20aa5bc",
                  "isHook": false,
                  "skipped": false
                },
                {
                  "title": "Deve retornar array vazio para post sem comentários",
                  "fullTitle": "JSONPlaceholder API - Posts Endpoints GET /posts/:id/comments - Recuperar comentários do post Deve retornar array vazio para post sem comentários",
                  "timedOut": null,
                  "duration": 64,
                  "state": "passed",
                  "speed": "fast",
                  "pass": true,
                  "fail": false,
                  "pending": false,
                  "context": null,
                  "code": "cy.request('GET', `${Cypress.env('apiUrl')}${API_ENDPOINTS.postComments(99999)}`).then(response => {\n  expect(response.body).to.be.an('array').and.to.have.lengthOf(0);\n});",
                  "err": {},
                  "uuid": "052def8d-21a7-4b3b-9a8d-737fda4cb14e",
                  "parentUUID": "664d8623-c840-4311-866d-d40ad20aa5bc",
                  "isHook": false,
                  "skipped": false
                }
              ],
              "suites": [],
              "passes": [
                "7dc9a876-1433-4a1b-873b-89c1a0d2345b",
                "d2a5c8e2-92a1-40fb-9e63-e778a00c3bdf",
                "052def8d-21a7-4b3b-9a8d-737fda4cb14e"
              ],
              "failures": [],
              "pending": [],
              "skipped": [],
              "duration": 175,
              "root": false,
              "rootEmpty": false,
              "_timeout": 2000
            },
            {
              "uuid": "7d255498-7e7f-4032-a013-44a0581b9784",
              "title": "GET /comments?postId=:id - Filtrar comentários por postId",
              "fullFile": "",
              "file": "",
              "beforeHooks": [],
              "afterHooks": [],
              "tests": [
                {
                  "title": "Deve retornar comentários filtrados por postId com status 200",
                  "fullTitle": "JSONPlaceholder API - Posts Endpoints GET /comments?postId=:id - Filtrar comentários por postId Deve retornar comentários filtrados por postId com status 200",
                  "timedOut": null,
                  "duration": 51,
                  "state": "passed",
                  "speed": "fast",
                  "pass": true,
                  "fail": false,
                  "pending": false,
                  "context": null,
                  "code": "cy.request('GET', `${Cypress.env('apiUrl')}${API_ENDPOINTS.comments}?postId=1}`).then(response => {\n  const {\n    status,\n    body\n  } = response;\n  cy.validateStatusCode(response, HTTP_STATUS.OK);\n  cy.validateResponseTime(response, RESPONSE_TIME_LIMIT);\n  expect(body).to.be.an('array');\n  body.forEach(comment => {\n    expect(comment.postId).to.equal(1);\n  });\n});",
                  "err": {},
                  "uuid": "196c352c-b273-4131-98ea-148bccd6e3d1",
                  "parentUUID": "7d255498-7e7f-4032-a013-44a0581b9784",
                  "isHook": false,
                  "skipped": false
                },
                {
                  "title": "Deve validar o schema dos comentários filtrados",
                  "fullTitle": "JSONPlaceholder API - Posts Endpoints GET /comments?postId=:id - Filtrar comentários por postId Deve validar o schema dos comentários filtrados",
                  "timedOut": null,
                  "duration": 51,
                  "state": "passed",
                  "speed": "fast",
                  "pass": true,
                  "fail": false,
                  "pending": false,
                  "context": null,
                  "code": "cy.request('GET', `${Cypress.env('apiUrl')}${API_ENDPOINTS.comments}?postId=1`).then(response => {\n  const {\n    body\n  } = response;\n  expect(validateArraySchema(body, fixtureData.commentSchema)).to.be.true;\n});",
                  "err": {},
                  "uuid": "54612119-67aa-440a-895f-c106862360a2",
                  "parentUUID": "7d255498-7e7f-4032-a013-44a0581b9784",
                  "isHook": false,
                  "skipped": false
                }
              ],
              "suites": [],
              "passes": [
                "196c352c-b273-4131-98ea-148bccd6e3d1",
                "54612119-67aa-440a-895f-c106862360a2"
              ],
              "failures": [],
              "pending": [],
              "skipped": [],
              "duration": 102,
              "root": false,
              "rootEmpty": false,
              "_timeout": 2000
            },
            {
              "uuid": "6f3db4eb-8491-4369-a6cf-74d99d9b0fe4",
              "title": "POST /posts - Criar novo post",
              "fullFile": "",
              "file": "",
              "beforeHooks": [],
              "afterHooks": [],
              "tests": [
                {
                  "title": "Deve criar um novo post com status 201",
                  "fullTitle": "JSONPlaceholder API - Posts Endpoints POST /posts - Criar novo post Deve criar um novo post com status 201",
                  "timedOut": null,
                  "duration": 184,
                  "state": "passed",
                  "speed": "fast",
                  "pass": true,
                  "fail": false,
                  "pending": false,
                  "context": null,
                  "code": "cy.request('POST', `${Cypress.env('apiUrl')}${API_ENDPOINTS.posts}`, fixtureData.newPost).then(response => {\n  const {\n    id,\n    title,\n    body,\n    userId\n  } = response.body;\n  cy.validateStatusCode(response, HTTP_STATUS.CREATED);\n  cy.validateResponseTime(response, RESPONSE_TIME_LIMIT);\n  expect(id).to.exist;\n  expect(title).to.equal(fixtureData.newPost.title);\n  expect(body).to.equal(fixtureData.newPost.body);\n  expect(userId).to.equal(fixtureData.newPost.userId);\n});",
                  "err": {},
                  "uuid": "52da6d03-75d8-4fd3-87d9-c61c627d9e3d",
                  "parentUUID": "6f3db4eb-8491-4369-a6cf-74d99d9b0fe4",
                  "isHook": false,
                  "skipped": false
                },
                {
                  "title": "Deve retornar um novo post com ID gerado",
                  "fullTitle": "JSONPlaceholder API - Posts Endpoints POST /posts - Criar novo post Deve retornar um novo post com ID gerado",
                  "timedOut": null,
                  "duration": 173,
                  "state": "passed",
                  "speed": "fast",
                  "pass": true,
                  "fail": false,
                  "pending": false,
                  "context": null,
                  "code": "cy.request('POST', `${Cypress.env('apiUrl')}${API_ENDPOINTS.posts}`, fixtureData.newPost).then(response => {\n  const {\n    id\n  } = response.body;\n  expect(id).to.be.a('number');\n  expect(id).to.be.greaterThan(0);\n});",
                  "err": {},
                  "uuid": "75351438-b204-4f75-8dd3-5342673b7570",
                  "parentUUID": "6f3db4eb-8491-4369-a6cf-74d99d9b0fe4",
                  "isHook": false,
                  "skipped": false
                }
              ],
              "suites": [],
              "passes": [
                "52da6d03-75d8-4fd3-87d9-c61c627d9e3d",
                "75351438-b204-4f75-8dd3-5342673b7570"
              ],
              "failures": [],
              "pending": [],
              "skipped": [],
              "duration": 357,
              "root": false,
              "rootEmpty": false,
              "_timeout": 2000
            },
            {
              "uuid": "b6804ee0-51c0-4bcf-ab3a-f74ba1c67000",
              "title": "PUT /posts/:id - Atualizar post completo",
              "fullFile": "",
              "file": "",
              "beforeHooks": [],
              "afterHooks": [],
              "tests": [
                {
                  "title": "Deve atualizar um post completo com status 200",
                  "fullTitle": "JSONPlaceholder API - Posts Endpoints PUT /posts/:id - Atualizar post completo Deve atualizar um post completo com status 200",
                  "timedOut": null,
                  "duration": 171,
                  "state": "passed",
                  "speed": "fast",
                  "pass": true,
                  "fail": false,
                  "pending": false,
                  "context": null,
                  "code": "cy.request('PUT', `${Cypress.env('apiUrl')}${API_ENDPOINTS.postById(1)}`, fixtureData.updatedPost).then(response => {\n  const {\n    id,\n    title,\n    body,\n    userId\n  } = response.body;\n  cy.validateStatusCode(response, HTTP_STATUS.OK);\n  cy.validateResponseTime(response, RESPONSE_TIME_LIMIT);\n  expect(id).to.equal(fixtureData.updatedPost.id);\n  expect(title).to.equal(fixtureData.updatedPost.title);\n  expect(body).to.equal(fixtureData.updatedPost.body);\n  expect(userId).to.equal(fixtureData.updatedPost.userId);\n});",
                  "err": {},
                  "uuid": "abb5f700-b1ce-46e0-bf13-0464e01de040",
                  "parentUUID": "b6804ee0-51c0-4bcf-ab3a-f74ba1c67000",
                  "isHook": false,
                  "skipped": false
                },
                {
                  "title": "Deve validar o schema do post atualizado",
                  "fullTitle": "JSONPlaceholder API - Posts Endpoints PUT /posts/:id - Atualizar post completo Deve validar o schema do post atualizado",
                  "timedOut": null,
                  "duration": 161,
                  "state": "passed",
                  "speed": "fast",
                  "pass": true,
                  "fail": false,
                  "pending": false,
                  "context": null,
                  "code": "cy.request('PUT', `${Cypress.env('apiUrl')}${API_ENDPOINTS.postById(1)}`, fixtureData.updatedPost).then(response => {\n  expect(validateSchema(response.body, fixtureData.postSchema)).to.be.true;\n});",
                  "err": {},
                  "uuid": "eb1d31f0-9420-4ae7-9a0f-9b38ddcfb1fd",
                  "parentUUID": "b6804ee0-51c0-4bcf-ab3a-f74ba1c67000",
                  "isHook": false,
                  "skipped": false
                }
              ],
              "suites": [],
              "passes": [
                "abb5f700-b1ce-46e0-bf13-0464e01de040",
                "eb1d31f0-9420-4ae7-9a0f-9b38ddcfb1fd"
              ],
              "failures": [],
              "pending": [],
              "skipped": [],
              "duration": 332,
              "root": false,
              "rootEmpty": false,
              "_timeout": 2000
            },
            {
              "uuid": "6c197675-63d8-4986-970a-8b711beddcb9",
              "title": "PATCH /posts/:id - Atualizar post parcialmente",
              "fullFile": "",
              "file": "",
              "beforeHooks": [],
              "afterHooks": [],
              "tests": [
                {
                  "title": "Deve atualizar parcialmente um post com status 200",
                  "fullTitle": "JSONPlaceholder API - Posts Endpoints PATCH /posts/:id - Atualizar post parcialmente Deve atualizar parcialmente um post com status 200",
                  "timedOut": null,
                  "duration": 174,
                  "state": "passed",
                  "speed": "fast",
                  "pass": true,
                  "fail": false,
                  "pending": false,
                  "context": null,
                  "code": "cy.request('PATCH', `${Cypress.env('apiUrl')}${API_ENDPOINTS.postById(1)}`, fixtureData.patchPost).then(response => {\n  const {\n    id,\n    title\n  } = response.body;\n  cy.validateStatusCode(response, HTTP_STATUS.OK);\n  cy.validateResponseTime(response, RESPONSE_TIME_LIMIT);\n  expect(id).to.equal(1);\n  expect(title).to.equal(fixtureData.patchPost.title);\n});",
                  "err": {},
                  "uuid": "19360fae-0a24-48ed-8b92-d21609a65d76",
                  "parentUUID": "6c197675-63d8-4986-970a-8b711beddcb9",
                  "isHook": false,
                  "skipped": false
                },
                {
                  "title": "Deve manter propriedades não alteradas no PATCH",
                  "fullTitle": "JSONPlaceholder API - Posts Endpoints PATCH /posts/:id - Atualizar post parcialmente Deve manter propriedades não alteradas no PATCH",
                  "timedOut": null,
                  "duration": 171,
                  "state": "passed",
                  "speed": "fast",
                  "pass": true,
                  "fail": false,
                  "pending": false,
                  "context": null,
                  "code": "cy.request('PATCH', `${Cypress.env('apiUrl')}${API_ENDPOINTS.postById(1)}`, fixtureData.patchPost).then(response => {\n  const {\n    body,\n    userId\n  } = response.body;\n  expect(body).to.exist;\n  expect(userId).to.exist;\n});",
                  "err": {},
                  "uuid": "47ba4166-8c96-4990-869f-580cddbaa072",
                  "parentUUID": "6c197675-63d8-4986-970a-8b711beddcb9",
                  "isHook": false,
                  "skipped": false
                }
              ],
              "suites": [],
              "passes": [
                "19360fae-0a24-48ed-8b92-d21609a65d76",
                "47ba4166-8c96-4990-869f-580cddbaa072"
              ],
              "failures": [],
              "pending": [],
              "skipped": [],
              "duration": 345,
              "root": false,
              "rootEmpty": false,
              "_timeout": 2000
            },
            {
              "uuid": "d116e356-1e09-4d0f-82e7-a42759efbcb1",
              "title": "DELETE /posts/:id - Deletar post",
              "fullFile": "",
              "file": "",
              "beforeHooks": [],
              "afterHooks": [],
              "tests": [
                {
                  "title": "Deve deletar um post com status 200",
                  "fullTitle": "JSONPlaceholder API - Posts Endpoints DELETE /posts/:id - Deletar post Deve deletar um post com status 200",
                  "timedOut": null,
                  "duration": 169,
                  "state": "passed",
                  "speed": "fast",
                  "pass": true,
                  "fail": false,
                  "pending": false,
                  "context": null,
                  "code": "cy.request('DELETE', `${Cypress.env('apiUrl')}${API_ENDPOINTS.postById(1)}`).then(response => {\n  cy.validateStatusCode(response, HTTP_STATUS.OK);\n  cy.validateResponseTime(response, RESPONSE_TIME_LIMIT);\n});",
                  "err": {},
                  "uuid": "ea7f76fb-9183-45bf-b19c-7a2c85a5ded2",
                  "parentUUID": "d116e356-1e09-4d0f-82e7-a42759efbcb1",
                  "isHook": false,
                  "skipped": false
                },
                {
                  "title": "Deve retornar um objeto vazio na deleção",
                  "fullTitle": "JSONPlaceholder API - Posts Endpoints DELETE /posts/:id - Deletar post Deve retornar um objeto vazio na deleção",
                  "timedOut": null,
                  "duration": 166,
                  "state": "passed",
                  "speed": "fast",
                  "pass": true,
                  "fail": false,
                  "pending": false,
                  "context": null,
                  "code": "cy.request('DELETE', `${Cypress.env('apiUrl')}${API_ENDPOINTS.postById(1)}`).then(response => {\n  expect(response.body).to.be.an('object');\n});",
                  "err": {},
                  "uuid": "bd278f4a-da0e-4339-89d7-5edc5ed617ef",
                  "parentUUID": "d116e356-1e09-4d0f-82e7-a42759efbcb1",
                  "isHook": false,
                  "skipped": false
                }
              ],
              "suites": [],
              "passes": [
                "ea7f76fb-9183-45bf-b19c-7a2c85a5ded2",
                "bd278f4a-da0e-4339-89d7-5edc5ed617ef"
              ],
              "failures": [],
              "pending": [],
              "skipped": [],
              "duration": 335,
              "root": false,
              "rootEmpty": false,
              "_timeout": 2000
            }
          ],
          "passes": [],
          "failures": [],
          "pending": [],
          "skipped": [],
          "duration": 0,
          "root": false,
          "rootEmpty": false,
          "_timeout": 2000
        }
      ],
      "passes": [],
      "failures": [],
      "pending": [],
      "skipped": [],
      "duration": 0,
      "root": true,
      "rootEmpty": true,
      "_timeout": 2000
    }
  ],
  "meta": {
    "mocha": {
      "version": "7.2.0"
    },
    "mochawesome": {
      "options": {
        "quiet": false,
        "reportFilename": "mochawesome",
        "saveHtml": true,
        "saveJson": true,
        "consoleReporter": "spec",
        "useInlineDiffs": false,
        "code": true
      },
      "version": "7.1.4"
    },
    "marge": {
      "options": {
        "reportDir": "cypress/reports/mochawesome-report",
        "overwrite": false,
        "html": true,
        "json": true
      },
      "version": "6.3.2"
    }
  }
}